TN:
SF:src/modules/appointments/services/CreateAppointmentsService.ts
FN:16,CreateAppointementsService
FN:20,Object.<anonymous>.CreateAppointementsService.execute
FNF:2
FNH:2
FNDA:2,CreateAppointementsService
FNDA:3,Object.<anonymous>.CreateAppointementsService.execute
DA:1,1
DA:2,1
DA:3,1
DA:4,1
DA:5,1
DA:6,1
DA:7,1
DA:8,1
DA:9,1
DA:10,1
DA:11,1
DA:12,1
DA:13,1
DA:14,1
DA:15,1
DA:16,1
DA:17,2
DA:18,2
DA:19,1
DA:20,1
DA:21,3
DA:22,3
DA:23,3
DA:24,3
DA:25,3
DA:26,3
DA:27,1
DA:28,1
DA:29,0
DA:30,2
DA:31,2
DA:32,2
DA:33,2
DA:34,2
DA:35,3
DA:36,3
DA:37,3
DA:38,1
DA:39,1
DA:40,1
DA:41,1
LF:41
LH:40
BRDA:14,0,0,1
BRDA:16,1,0,2
BRDA:20,2,0,3
BRDA:26,3,0,1
BRDA:29,4,0,0
BRDA:30,5,0,2
BRF:6
BRH:5
end_of_record
TN:
SF:src/modules/users/services/AuthenticateService.ts
FN:24,AuthenticateService
FN:34,Object.<anonymous>.AuthenticateService.execute
FNF:2
FNH:2
FNDA:3,AuthenticateService
FNDA:3,Object.<anonymous>.AuthenticateService.execute
DA:1,1
DA:2,1
DA:3,1
DA:4,1
DA:5,1
DA:6,1
DA:7,1
DA:8,1
DA:9,1
DA:10,1
DA:11,1
DA:12,1
DA:13,1
DA:14,1
DA:15,1
DA:16,1
DA:17,1
DA:18,1
DA:19,1
DA:20,1
DA:21,1
DA:22,1
DA:23,1
DA:24,1
DA:25,3
DA:26,3
DA:27,3
DA:28,3
DA:29,3
DA:30,3
DA:31,3
DA:32,1
DA:33,1
DA:34,1
DA:35,3
DA:36,3
DA:37,3
DA:38,1
DA:39,0
DA:40,2
DA:41,2
DA:42,3
DA:43,3
DA:44,1
DA:45,0
DA:46,0
DA:47,1
DA:48,1
DA:49,1
DA:50,1
DA:51,1
DA:52,1
DA:53,1
DA:54,1
DA:55,1
DA:56,1
DA:57,3
DA:58,1
DA:59,1
DA:60,1
DA:61,1
LF:61
LH:58
BRDA:22,0,0,1
BRDA:24,1,0,3
BRDA:34,2,0,3
BRDA:35,3,0,3
BRDA:37,4,0,1
BRDA:39,5,0,0
BRDA:40,6,0,2
BRDA:43,7,0,1
BRDA:45,8,0,0
BRF:9
BRH:7
end_of_record
TN:
SF:src/modules/users/services/CreateUsersService.ts
FN:18,CreateUsersService
FN:26,Object.<anonymous>.CreateUsersService.execute
FNF:2
FNH:2
FNDA:6,CreateUsersService
FNDA:7,Object.<anonymous>.CreateUsersService.execute
DA:1,1
DA:2,1
DA:3,1
DA:4,1
DA:5,1
DA:6,1
DA:7,1
DA:8,1
DA:9,1
DA:10,1
DA:11,1
DA:12,1
DA:13,1
DA:14,1
DA:15,1
DA:16,3
DA:17,3
DA:18,3
DA:19,6
DA:20,6
DA:21,6
DA:22,6
DA:23,6
DA:24,6
DA:25,3
DA:26,3
DA:27,7
DA:28,7
DA:29,7
DA:30,7
DA:31,1
DA:32,0
DA:33,0
DA:34,6
DA:35,6
DA:36,7
DA:37,7
DA:38,7
DA:39,7
DA:40,7
DA:41,7
DA:42,7
DA:43,7
DA:44,7
DA:45,3
DA:46,3
DA:47,1
DA:48,1
DA:49,1
LF:49
LH:47
BRDA:16,0,0,3
BRDA:18,1,0,6
BRDA:26,2,0,7
BRDA:28,3,0,7
BRDA:30,4,0,1
BRDA:32,5,0,0
BRDA:34,6,0,6
BRF:7
BRH:6
end_of_record
TN:
SF:src/modules/users/services/SendPasswordForgotEmailService.ts
FN:18,SendPasswordForgotEmailService
FN:29,Object.<anonymous>.SendPasswordForgotEmailService.execute
FNF:2
FNH:2
FNDA:3,SendPasswordForgotEmailService
FNDA:3,Object.<anonymous>.SendPasswordForgotEmailService.execute
DA:1,1
DA:2,1
DA:3,1
DA:4,1
DA:5,1
DA:6,1
DA:7,1
DA:8,1
DA:9,1
DA:10,1
DA:11,1
DA:12,1
DA:13,1
DA:14,1
DA:15,1
DA:16,1
DA:17,1
DA:18,1
DA:19,3
DA:20,3
DA:21,3
DA:22,3
DA:23,3
DA:24,3
DA:25,3
DA:26,3
DA:27,3
DA:28,1
DA:29,1
DA:30,3
DA:31,3
DA:32,3
DA:33,3
DA:34,1
DA:35,1
DA:36,0
DA:37,0
DA:38,3
DA:39,3
DA:40,3
DA:41,3
DA:42,3
DA:43,3
DA:44,3
DA:45,1
DA:46,1
DA:47,1
DA:48,1
DA:49,1
LF:49
LH:47
BRDA:16,0,0,1
BRDA:18,1,0,3
BRDA:29,2,0,3
BRDA:31,3,0,3
BRDA:33,4,0,1
BRDA:36,5,0,0
BRF:6
BRH:5
end_of_record
TN:
SF:src/modules/users/services/UpdateUserAvatarService.ts
FN:17,UpdateUserAvatarService
FN:19,Object.<anonymous>.UpdateUserAvatarService.execute
FNF:2
FNH:2
FNDA:2,UpdateUserAvatarService
FNDA:2,Object.<anonymous>.UpdateUserAvatarService.execute
DA:1,1
DA:2,1
DA:3,1
DA:4,1
DA:5,1
DA:6,1
DA:7,1
DA:8,1
DA:9,1
DA:10,1
DA:11,1
DA:12,1
DA:13,1
DA:14,1
DA:15,1
DA:16,1
DA:17,1
DA:18,1
DA:19,1
DA:20,2
DA:21,2
DA:22,2
DA:23,2
DA:24,1
DA:25,0
DA:26,2
DA:27,0
DA:28,0
DA:29,0
DA:30,0
DA:31,2
DA:32,2
DA:33,2
DA:34,2
DA:35,2
DA:36,2
DA:37,2
DA:38,2
DA:39,2
DA:40,2
DA:41,2
DA:42,1
DA:43,1
DA:44,1
DA:45,1
DA:46,1
LF:46
LH:41
BRDA:16,0,0,1
BRDA:17,1,0,2
BRDA:19,2,0,2
BRDA:21,3,0,2
BRDA:23,4,0,1
BRDA:25,5,0,0
BRDA:26,6,0,0
BRF:7
BRH:5
end_of_record
