TN:
SF:src/modules/appointments/services/CreateAppointmentsService.ts
FN:16,CreateAppointementsService
FN:20,Object.<anonymous>.CreateAppointementsService.execute
FNF:2
FNH:2
FNDA:2,CreateAppointementsService
FNDA:3,Object.<anonymous>.CreateAppointementsService.execute
DA:1,1
DA:2,1
DA:3,1
DA:4,1
DA:5,1
DA:6,1
DA:7,1
DA:8,1
DA:9,1
DA:10,1
DA:11,1
DA:12,1
DA:13,1
DA:14,1
DA:15,1
DA:16,1
DA:17,2
DA:18,2
DA:19,1
DA:20,1
DA:21,3
DA:22,3
DA:23,3
DA:24,3
DA:25,3
DA:26,3
DA:27,1
DA:28,1
DA:29,0
DA:30,2
DA:31,2
DA:32,2
DA:33,2
DA:34,2
DA:35,3
DA:36,3
DA:37,3
DA:38,1
DA:39,1
DA:40,1
DA:41,1
LF:41
LH:40
BRDA:14,0,0,1
BRDA:16,1,0,2
BRDA:20,2,0,3
BRDA:26,3,0,1
BRDA:29,4,0,0
BRDA:30,5,0,2
BRF:6
BRH:5
end_of_record
TN:
SF:src/modules/users/services/AuthenticateService.ts
FN:24,AuthenticateService
FN:27,Object.<anonymous>.AuthenticateService.execute
FNF:2
FNH:2
FNDA:3,AuthenticateService
FNDA:3,Object.<anonymous>.AuthenticateService.execute
DA:1,1
DA:2,1
DA:3,1
DA:4,1
DA:5,1
DA:6,1
DA:7,1
DA:8,1
DA:9,1
DA:10,1
DA:11,1
DA:12,1
DA:13,1
DA:14,1
DA:15,1
DA:16,1
DA:17,1
DA:18,1
DA:19,1
DA:20,1
DA:21,1
DA:22,1
DA:23,1
DA:24,1
DA:25,1
DA:26,1
DA:27,1
DA:28,3
DA:29,3
DA:30,3
DA:31,1
DA:32,0
DA:33,2
DA:34,2
DA:35,3
DA:36,3
DA:37,0
DA:38,0
DA:39,0
DA:40,3
DA:41,3
DA:42,3
DA:43,3
DA:44,3
DA:45,3
DA:46,3
DA:47,3
DA:48,3
DA:49,3
DA:50,3
DA:51,1
DA:52,1
DA:53,1
DA:54,1
LF:54
LH:50
BRDA:22,0,0,1
BRDA:24,1,0,3
BRDA:27,2,0,3
BRDA:28,3,0,3
BRDA:30,4,0,1
BRDA:32,5,0,0
BRDA:33,6,0,2
BRDA:36,7,0,0
BRF:8
BRH:6
end_of_record
TN:
SF:src/modules/users/services/CreateUsersService.ts
FN:17,CreateUsersService
FN:19,Object.<anonymous>.CreateUsersService.execute
FNF:2
FNH:2
FNDA:5,CreateUsersService
FNDA:6,Object.<anonymous>.CreateUsersService.execute
DA:1,1
DA:2,1
DA:3,1
DA:4,1
DA:5,1
DA:6,1
DA:7,1
DA:8,1
DA:9,1
DA:10,1
DA:11,1
DA:12,1
DA:13,1
DA:14,1
DA:15,3
DA:16,3
DA:17,3
DA:18,3
DA:19,3
DA:20,6
DA:21,6
DA:22,6
DA:23,6
DA:24,1
DA:25,0
DA:26,0
DA:27,5
DA:28,5
DA:29,6
DA:30,6
DA:31,6
DA:32,6
DA:33,6
DA:34,6
DA:35,6
DA:36,6
DA:37,6
DA:38,3
DA:39,3
DA:40,1
DA:41,1
DA:42,1
LF:42
LH:40
BRDA:15,0,0,3
BRDA:17,1,0,5
BRDA:19,2,0,6
BRDA:21,3,0,6
BRDA:23,4,0,1
BRDA:25,5,0,0
BRDA:27,6,0,5
BRF:7
BRH:6
end_of_record
TN:
SF:src/modules/users/services/UpdateUserAvatarService.ts
FN:17,UpdateUserAvatarService
FN:19,Object.<anonymous>.UpdateUserAvatarService.execute
FNF:2
FNH:2
FNDA:1,UpdateUserAvatarService
FNDA:1,Object.<anonymous>.UpdateUserAvatarService.execute
DA:1,1
DA:2,1
DA:3,1
DA:4,1
DA:5,1
DA:6,1
DA:7,1
DA:8,1
DA:9,1
DA:10,1
DA:11,1
DA:12,1
DA:13,1
DA:14,1
DA:15,1
DA:16,1
DA:17,1
DA:18,1
DA:19,1
DA:20,1
DA:21,1
DA:22,1
DA:23,1
DA:24,0
DA:25,0
DA:26,1
DA:27,0
DA:28,0
DA:29,0
DA:30,0
DA:31,1
DA:32,1
DA:33,1
DA:34,1
DA:35,1
DA:36,1
DA:37,1
DA:38,1
DA:39,1
DA:40,1
DA:41,1
DA:42,1
DA:43,1
DA:44,1
DA:45,1
DA:46,1
LF:46
LH:40
BRDA:16,0,0,1
BRDA:17,1,0,1
BRDA:19,2,0,1
BRDA:21,3,0,1
BRDA:23,4,0,0
BRDA:26,5,0,0
BRF:6
BRH:4
end_of_record
